<?xml version="1.0" encoding="UTF-8"?>
<!-- Generated by org.testng.reporters.JUnitXMLReporter -->
<testsuite ignored="0" hostname="MSI" failures="0" tests="3" name="Test" time="7.636" errors="0" timestamp="2021-10-14T19:05:49 IST">
  <testcase classname="Automation.Project.validateHomeButton" name="Navigation" time="0.058"/>
  <testcase classname="Automation.Project.Login" name="baseNavigation" time="1.183"/>
  <testcase classname="Automation.Project.Login" name="baseNavigation" time="0.851"/>
</testsuite> <!-- Test -->
