<?xml version="1.0" encoding="UTF-8"?>
<!-- Generated by org.testng.reporters.JUnitXMLReporter -->
<testsuite ignored="0" hostname="MSI" failures="0" tests="3" name="Test" time="7.498" errors="0" timestamp="2021-10-14T19:38:31 IST">
  <testcase classname="Automation.Project.validateHomeButton" name="Navigation" time="0.058"/>
  <testcase classname="Automation.Project.Login" name="baseNavigation" time="1.185"/>
  <testcase classname="Automation.Project.Login" name="baseNavigation" time="0.875"/>
</testsuite> <!-- Test -->
