<?xml version="1.0" encoding="UTF-8"?>
<testsuite xmlns:xsi="http://www.w3.org/2001/XMLSchema-instance" xsi:noNamespaceSchemaLocation="https://maven.apache.org/surefire/maven-surefire-plugin/xsd/surefire-test-report-3.0.xsd" version="3.0" name="TestSuite" time="27.739" tests="3" errors="0" skipped="0" failures="2">
  <properties>
[...]
</properties>
  <testcase name="Navigation" classname="Automation.Project.validateHomeButton" time="0.21">
    <system-err><![CDATA[Starting MSEdgeDriver 94.0.992.47 (8d45ccc5def2a367412af87bf69e3874d6926080) on port 23366
Only local connections are allowed.
Please see https://chromedriver.chromium.org/security-considerations for suggestions on keeping MSEdgeDriver safe.
Starting MSEdgeDriver 94.0.992.47 (8d45ccc5def2a367412af87bf69e3874d6926080) on port 27870
Only local connections are allowed.
Please see https://chromedriver.chromium.org/security-considerations for suggestions on keeping MSEdgeDriver safe.
MSEdgeDriver MwasS EsdtgaerDtreidv esru cwcaess ssftualrltye.d 
successfully.
Oct 14, 2021 10:07:34 PM org.openqa.selenium.remote.ProtocolHandshake createSession
INFO: Detected dialect: W3C
Oct 14, 2021 10:07:34 PM org.openqa.selenium.remote.ProtocolHandshake createSession
INFO: Detected dialect: W3C
]]></system-err>
  </testcase>
  <testcase name="baseNavigation[mailto.rajorshimajumder@gmail.com, qwerty](1)" classname="Automation.Project.Login" time="10.994">
    <failure message="no such element: Unable to locate element: {&quot;method&quot;:&quot;css selector&quot;,&quot;selector&quot;:&quot;h31&quot;}&#10;  (Session info: MicrosoftEdge=94.0.992.47)&#10;For documentation on this error, please visit: https://www.seleniumhq.org/exceptions/no_such_element.html&#10;Build info: version: &apos;3.141.59&apos;, revision: &apos;e82be7d358&apos;, time: &apos;2018-11-14T08:17:03&apos;&#10;System info: host: &apos;MSI&apos;, ip: &apos;192.168.0.104&apos;, os.name: &apos;Windows 10&apos;, os.arch: &apos;amd64&apos;, os.version: &apos;10.0&apos;, java.version: &apos;17&apos;&#10;Driver info: org.openqa.selenium.edge.EdgeDriver&#10;Capabilities {acceptInsecureCerts: false, browserName: msedge, browserVersion: 94.0.992.47, javascriptEnabled: true, ms:edgeOptions: {debuggerAddress: localhost:61340}, msedge: {msedgedriverVersion: 94.0.992.47 (8d45ccc5def2a3..., userDataDir: C:\Users\mailt\AppData\Loca...}, networkConnectionEnabled: false, pageLoadStrategy: normal, platform: WINDOWS, platformName: WINDOWS, proxy: Proxy(), setWindowRect: true, strictFileInteractability: false, timeouts: {implicit: 0, pageLoad: 300000, script: 30000}, unhandledPromptBehavior: dismiss and notify, webauthn:extension:credBlob: true, webauthn:extension:largeBlob: true, webauthn:virtualAuthenticators: true}&#10;Session ID: 201ee9a1c1a263bee1978f283ca20e79&#10;*** Element info: {Using=tag name, value=h31}" type="org.openqa.selenium.NoSuchElementException"><![CDATA[org.openqa.selenium.NoSuchElementException: 
no such element: Unable to locate element: {"method":"css selector","selector":"h31"}
  (Session info: MicrosoftEdge=94.0.992.47)
For documentation on this error, please visit: https://www.seleniumhq.org/exceptions/no_such_element.html
Build info: version: '3.141.59', revision: 'e82be7d358', time: '2018-11-14T08:17:03'
System info: host: 'MSI', ip: '192.168.0.104', os.name: 'Windows 10', os.arch: 'amd64', os.version: '10.0', java.version: '17'
Driver info: org.openqa.selenium.edge.EdgeDriver
Capabilities {acceptInsecureCerts: false, browserName: msedge, browserVersion: 94.0.992.47, javascriptEnabled: true, ms:edgeOptions: {debuggerAddress: localhost:61340}, msedge: {msedgedriverVersion: 94.0.992.47 (8d45ccc5def2a3..., userDataDir: C:\Users\mailt\AppData\Loca...}, networkConnectionEnabled: false, pageLoadStrategy: normal, platform: WINDOWS, platformName: WINDOWS, proxy: Proxy(), setWindowRect: true, strictFileInteractability: false, timeouts: {implicit: 0, pageLoad: 300000, script: 30000}, unhandledPromptBehavior: dismiss and notify, webauthn:extension:credBlob: true, webauthn:extension:largeBlob: true, webauthn:virtualAuthenticators: true}
Session ID: 201ee9a1c1a263bee1978f283ca20e79
*** Element info: {Using=tag name, value=h31}
	at Automation.Project.Login.baseNavigation(Login.java:39)
]]></failure>
  </testcase>
  <testcase name="baseNavigation[habibakhtar201@gmail.com, qwerty](2)" classname="Automation.Project.Login" time="10.516">
    <failure message="no such element: Unable to locate element: {&quot;method&quot;:&quot;css selector&quot;,&quot;selector&quot;:&quot;h31&quot;}&#10;  (Session info: MicrosoftEdge=94.0.992.47)&#10;For documentation on this error, please visit: https://www.seleniumhq.org/exceptions/no_such_element.html&#10;Build info: version: &apos;3.141.59&apos;, revision: &apos;e82be7d358&apos;, time: &apos;2018-11-14T08:17:03&apos;&#10;System info: host: &apos;MSI&apos;, ip: &apos;192.168.0.104&apos;, os.name: &apos;Windows 10&apos;, os.arch: &apos;amd64&apos;, os.version: &apos;10.0&apos;, java.version: &apos;17&apos;&#10;Driver info: org.openqa.selenium.edge.EdgeDriver&#10;Capabilities {acceptInsecureCerts: false, browserName: msedge, browserVersion: 94.0.992.47, javascriptEnabled: true, ms:edgeOptions: {debuggerAddress: localhost:61340}, msedge: {msedgedriverVersion: 94.0.992.47 (8d45ccc5def2a3..., userDataDir: C:\Users\mailt\AppData\Loca...}, networkConnectionEnabled: false, pageLoadStrategy: normal, platform: WINDOWS, platformName: WINDOWS, proxy: Proxy(), setWindowRect: true, strictFileInteractability: false, timeouts: {implicit: 0, pageLoad: 300000, script: 30000}, unhandledPromptBehavior: dismiss and notify, webauthn:extension:credBlob: true, webauthn:extension:largeBlob: true, webauthn:virtualAuthenticators: true}&#10;Session ID: 201ee9a1c1a263bee1978f283ca20e79&#10;*** Element info: {Using=tag name, value=h31}" type="org.openqa.selenium.NoSuchElementException"><![CDATA[org.openqa.selenium.NoSuchElementException: 
no such element: Unable to locate element: {"method":"css selector","selector":"h31"}
  (Session info: MicrosoftEdge=94.0.992.47)
For documentation on this error, please visit: https://www.seleniumhq.org/exceptions/no_such_element.html
Build info: version: '3.141.59', revision: 'e82be7d358', time: '2018-11-14T08:17:03'
System info: host: 'MSI', ip: '192.168.0.104', os.name: 'Windows 10', os.arch: 'amd64', os.version: '10.0', java.version: '17'
Driver info: org.openqa.selenium.edge.EdgeDriver
Capabilities {acceptInsecureCerts: false, browserName: msedge, browserVersion: 94.0.992.47, javascriptEnabled: true, ms:edgeOptions: {debuggerAddress: localhost:61340}, msedge: {msedgedriverVersion: 94.0.992.47 (8d45ccc5def2a3..., userDataDir: C:\Users\mailt\AppData\Loca...}, networkConnectionEnabled: false, pageLoadStrategy: normal, platform: WINDOWS, platformName: WINDOWS, proxy: Proxy(), setWindowRect: true, strictFileInteractability: false, timeouts: {implicit: 0, pageLoad: 300000, script: 30000}, unhandledPromptBehavior: dismiss and notify, webauthn:extension:credBlob: true, webauthn:extension:largeBlob: true, webauthn:virtualAuthenticators: true}
Session ID: 201ee9a1c1a263bee1978f283ca20e79
*** Element info: {Using=tag name, value=h31}
	at Automation.Project.Login.baseNavigation(Login.java:39)
]]></failure>
  </testcase>
</testsuite>